# JRE version: Java(TM) SE Runtime Environment (9.0+11) (build 9.0.1+11)
# Java VM: Java HotSpot(TM) 64-Bit Server VM (9.0.1+11, mixed mode, tiered, compressed oops, g1 gc, windows-amd64)
Heap:
 garbage-first heap   total 148480K, used 25944K [0x00000000c0000000, 0x00000000c0100488, 0x0000000100000000)
  region size 1024K, 8 young (8192K), 8 survivors (8192K)
 Metaspace       used 43493K, capacity 45946K, committed 46236K, reserved 1089536K
  class space    used 5863K, capacity 6301K, committed 6348K, reserved 1048576K
GC Heap History (10 events):
Event: 1.745 GC heap after
{Heap after GC invocations=9 (full 0):
 garbage-first heap   total 78848K, used 13383K [0x00000000c0000000, 0x00000000c0100268, 0x0000000100000000)
  region size 1024K, 4 young (4096K), 4 survivors (4096K)
 Metaspace       used 22766K, capacity 24064K, committed 24320K, reserved 1071104K
  class space    used 3006K, capacity 3272K, committed 3328K, reserved 1048576K
}
Event: 1.943 GC heap before
{Heap before GC invocations=9 (full 0):
 garbage-first heap   total 78848K, used 56391K [0x00000000c0000000, 0x00000000c0100268, 0x0000000100000000)
  region size 1024K, 46 young (47104K), 4 survivors (4096K)
 Metaspace       used 23777K, capacity 25150K, committed 25216K, reserved 1071104K
  class space    used 3134K, capacity 3429K, committed 3456K, reserved 1048576K
}
Event: 1.950 GC heap after
{Heap after GC invocations=10 (full 0):
 garbage-first heap   total 107520K, used 13262K [0x00000000c0000000, 0x00000000c0100348, 0x0000000100000000)
  region size 1024K, 3 young (3072K), 3 survivors (3072K)
 Metaspace       used 23777K, capacity 25150K, committed 25216K, reserved 1071104K
  class space    used 3134K, capacity 3429K, committed 3456K, reserved 1048576K
}
Event: 2.616 GC heap before
{Heap before GC invocations=10 (full 0):
 garbage-first heap   total 107520K, used 74702K [0x00000000c0000000, 0x00000000c0100348, 0x0000000100000000)
  region size 1024K, 63 young (64512K), 3 survivors (3072K)
 Metaspace       used 28688K, capacity 30786K, committed 30976K, reserved 1075200K
  class space    used 3897K, capacity 4287K, committed 4352K, reserved 1048576K
}
Event: 2.629 GC heap after
{Heap after GC invocations=11 (full 0):
 garbage-first heap   total 107520K, used 18748K [0x00000000c0000000, 0x00000000c0100348, 0x0000000100000000)
  region size 1024K, 8 young (8192K), 8 survivors (8192K)
 Metaspace       used 28688K, capacity 30786K, committed 30976K, reserved 1075200K
  class space    used 3897K, capacity 4287K, committed 4352K, reserved 1048576K
}
Event: 2.858 GC heap before
{Heap before GC invocations=11 (full 0):
 garbage-first heap   total 107520K, used 75068K [0x00000000c0000000, 0x00000000c0100348, 0x0000000100000000)
  region size 1024K, 63 young (64512K), 8 survivors (8192K)
 Metaspace       used 30716K, capacity 32858K, committed 33024K, reserved 1077248K
  class space    used 4102K, capacity 4495K, committed 4608K, reserved 1048576K
}
Event: 2.870 GC heap after
{Heap after GC invocations=12 (full 0):
 garbage-first heap   total 107520K, used 17427K [0x00000000c0000000, 0x00000000c0100348, 0x0000000100000000)
  region size 1024K, 3 young (3072K), 3 survivors (3072K)
 Metaspace       used 30716K, capacity 32858K, committed 33024K, reserved 1077248K
  class space    used 4102K, capacity 4495K, committed 4608K, reserved 1048576K
}
Event: 3.077 GC heap before
{Heap before GC invocations=12 (full 0):
 garbage-first heap   total 107520K, used 36883K [0x00000000c0000000, 0x00000000c0100348, 0x0000000100000000)
  region size 1024K, 23 young (23552K), 3 survivors (3072K)
 Metaspace       used 33740K, capacity 35966K, committed 36048K, reserved 1081344K
  class space    used 4402K, capacity 4841K, committed 4864K, reserved 1048576K
}
Event: 3.086 GC heap after
{Heap after GC invocations=13 (full 0):
 garbage-first heap   total 107520K, used 18451K [0x00000000c0000000, 0x00000000c0100348, 0x0000000100000000)
  region size 1024K, 4 young (4096K), 4 survivors (4096K)
 Metaspace       used 33740K, capacity 35966K, committed 36048K, reserved 1081344K
  class space    used 4402K, capacity 4841K, committed 4864K, reserved 1048576K
}
Event: 3.674 GC heap before
{Heap before GC invocations=14 (full 0):
 garbage-first heap   total 107520K, used 78848K [0x00000000c0000000, 0x00000000c0100348, 0x0000000100000000)
  region size 1024K, 63 young (64512K), 4 survivors (4096K)
 Metaspace       used 43493K, capacity 45946K, committed 46236K, reserved 1089536K
  class space    used 5863K, capacity 6301K, committed 6348K, reserved 1048576K
}

