# JRE version: Java(TM) SE Runtime Environment (9.0+11) (build 9.0.1+11)
# Java VM: Java HotSpot(TM) 64-Bit Server VM (9.0.1+11, mixed mode, tiered, compressed oops, g1 gc, windows-amd64)
Heap:
 garbage-first heap   total 78848K, used 34199K [0x00000000c0000000, 0x00000000c0100268, 0x0000000100000000)
  region size 1024K, 25 young (25600K), 1 survivors (1024K)
 Metaspace       used 17037K, capacity 18044K, committed 18176K, reserved 1081344K
  class space    used 2246K, capacity 2477K, committed 2560K, reserved 1048576K
GC Heap History (10 events):
Event: 0.674 GC heap after
{Heap after GC invocations=1 (full 0):
 garbage-first heap   total 65536K, used 5232K [0x00000000c0000000, 0x00000000c0100200, 0x0000000100000000)
  region size 1024K, 1 young (1024K), 1 survivors (1024K)
 Metaspace       used 6846K, capacity 7014K, committed 7296K, reserved 1056768K
  class space    used 755K, capacity 813K, committed 896K, reserved 1048576K
}
Event: 0.797 GC heap before
{Heap before GC invocations=1 (full 0):
 garbage-first heap   total 65536K, used 8304K [0x00000000c0000000, 0x00000000c0100200, 0x0000000100000000)
  region size 1024K, 4 young (4096K), 1 survivors (1024K)
 Metaspace       used 8483K, capacity 8824K, committed 9088K, reserved 1056768K
  class space    used 1001K, capacity 1090K, committed 1152K, reserved 1048576K
}
Event: 0.801 GC heap after
{Heap after GC invocations=2 (full 0):
 garbage-first heap   total 65536K, used 5822K [0x00000000c0000000, 0x00000000c0100200, 0x0000000100000000)
  region size 1024K, 1 young (1024K), 1 survivors (1024K)
 Metaspace       used 8483K, capacity 8824K, committed 9088K, reserved 1056768K
  class space    used 1001K, capacity 1090K, committed 1152K, reserved 1048576K
}
Event: 1.043 GC heap before
{Heap before GC invocations=2 (full 0):
 garbage-first heap   total 65536K, used 15038K [0x00000000c0000000, 0x00000000c0100200, 0x0000000100000000)
  region size 1024K, 10 young (10240K), 1 survivors (1024K)
 Metaspace       used 11644K, capacity 12154K, committed 12288K, reserved 1060864K
  class space    used 1389K, capacity 1522K, committed 1536K, reserved 1048576K
}
Event: 1.049 GC heap after
{Heap after GC invocations=3 (full 0):
 garbage-first heap   total 65536K, used 7465K [0x00000000c0000000, 0x00000000c0100200, 0x0000000100000000)
  region size 1024K, 2 young (2048K), 2 survivors (2048K)
 Metaspace       used 11644K, capacity 12154K, committed 12288K, reserved 1060864K
  class space    used 1389K, capacity 1522K, committed 1536K, reserved 1048576K
}
Event: 1.182 GC heap before
{Heap before GC invocations=3 (full 0):
 garbage-first heap   total 65536K, used 20777K [0x00000000c0000000, 0x00000000c0100200, 0x0000000100000000)
  region size 1024K, 15 young (15360K), 2 survivors (2048K)
 Metaspace       used 12917K, capacity 13620K, committed 13824K, reserved 1060864K
  class space    used 1575K, capacity 1741K, committed 1792K, reserved 1048576K
}
Event: 1.189 GC heap after
{Heap after GC invocations=4 (full 0):
 garbage-first heap   total 65536K, used 8573K [0x00000000c0000000, 0x00000000c0100200, 0x0000000100000000)
  region size 1024K, 2 young (2048K), 2 survivors (2048K)
 Metaspace       used 12917K, capacity 13620K, committed 13824K, reserved 1060864K
  class space    used 1575K, capacity 1741K, committed 1792K, reserved 1048576K
}
Event: 1.318 GC heap before
{Heap before GC invocations=4 (full 0):
 garbage-first heap   total 65536K, used 28029K [0x00000000c0000000, 0x00000000c0100200, 0x0000000100000000)
  region size 1024K, 21 young (21504K), 2 survivors (2048K)
 Metaspace       used 15643K, capacity 16546K, committed 16768K, reserved 1064960K
  class space    used 1936K, capacity 2138K, committed 2176K, reserved 1048576K
}
Event: 1.325 GC heap after
{Heap after GC invocations=5 (full 0):
 garbage-first heap   total 78848K, used 9818K [0x00000000c0000000, 0x00000000c0100268, 0x0000000100000000)
  region size 1024K, 3 young (3072K), 3 survivors (3072K)
 Metaspace       used 15643K, capacity 16546K, committed 16768K, reserved 1064960K
  class space    used 1936K, capacity 2138K, committed 2176K, reserved 1048576K
}
Event: 1.425 GC heap before
{Heap before GC invocations=5 (full 0):
 garbage-first heap   total 78848K, used 33370K [0x00000000c0000000, 0x00000000c0100268, 0x0000000100000000)
  region size 1024K, 27 young (27648K), 3 survivors (3072K)
 Metaspace       used 17037K, capacity 18044K, committed 18176K, reserved 1081344K
  class space    used 2246K, capacity 2477K, committed 2560K, reserved 1048576K
}

